<?xml version="1.0" encoding="UTF-8"?>
<testng-results ignored="0" total="1" passed="1" failed="0" skipped="0">
  <reporter-output>
  </reporter-output>
  <suite started-at="2023-06-30T22:07:56 IST" name="Default suite" finished-at="2023-06-30T22:08:47 IST" duration-ms="51193">
    <groups>
    </groups>
    <test started-at="2023-06-30T22:07:56 IST" name="Default test" finished-at="2023-06-30T22:08:47 IST" duration-ms="51193">
      <class name="tests.glammmytest">
        <test-method is-config="true" signature="setUp()[pri:0, instance:tests.glammmytest@23e84203]" started-at="2023-06-30T22:07:56 IST" name="setUp" finished-at="2023-06-30T22:08:24 IST" duration-ms="27879" status="PASS">
          <reporter-output>
          </reporter-output>
        </test-method> <!-- setUp -->
        <test-method signature="glammyytestt()[pri:0, instance:tests.glammmytest@23e84203]" started-at="2023-06-30T22:08:24 IST" name="glammyytestt" finished-at="2023-06-30T22:08:47 IST" duration-ms="23245" status="PASS">
          <reporter-output>
          </reporter-output>
        </test-method> <!-- glammyytestt -->
      </class> <!-- tests.glammmytest -->
    </test> <!-- Default test -->
  </suite> <!-- Default suite -->
</testng-results>
